This is pdfTeX, Version 3.14159265-2.6-1.40.18 (MiKTeX 2.9.6350 64-bit) (preloaded format=pdflatex 2017.9.13)  2 DEC 2017 23:21
entering extended mode
**./hw4.tex
(hw4.tex
LaTeX2e <2017-04-15>
Babel <3.10> and hyphenation patterns for 75 language(s) loaded.
("C:\Program Files\MiKTeX 2.9\tex\latex\base\article.cls"
Document Class: article 2014/09/29 v1.4h Standard LaTeX document class
("C:\Program Files\MiKTeX 2.9\tex\latex\base\size11.clo"
File: size11.clo 2014/09/29 v1.4h Standard LaTeX file (size option)
)
\c@part=\count79
\c@section=\count80
\c@subsection=\count81
\c@subsubsection=\count82
\c@paragraph=\count83
\c@subparagraph=\count84
\c@figure=\count85
\c@table=\count86
\abovecaptionskip=\skip41
\belowcaptionskip=\skip42
\bibindent=\dimen102
)
("C:\Program Files\MiKTeX 2.9\tex\latex\amsmath\amsmath.sty"
Package: amsmath 2016/11/05 v2.16a AMS math features
\@mathmargin=\skip43

For additional information on amsmath, use the `?' option.
("C:\Program Files\MiKTeX 2.9\tex\latex\amsmath\amstext.sty"
Package: amstext 2000/06/29 v2.01 AMS text

("C:\Program Files\MiKTeX 2.9\tex\latex\amsmath\amsgen.sty"
File: amsgen.sty 1999/11/30 v2.0 generic functions
\@emptytoks=\toks14
\ex@=\dimen103
))
("C:\Program Files\MiKTeX 2.9\tex\latex\amsmath\amsbsy.sty"
Package: amsbsy 1999/11/29 v1.2d Bold Symbols
\pmbraise@=\dimen104
)
("C:\Program Files\MiKTeX 2.9\tex\latex\amsmath\amsopn.sty"
Package: amsopn 2016/03/08 v2.02 operator names
)
\inf@bad=\count87
LaTeX Info: Redefining \frac on input line 213.
\uproot@=\count88
\leftroot@=\count89
LaTeX Info: Redefining \overline on input line 375.
\classnum@=\count90
\DOTSCASE@=\count91
LaTeX Info: Redefining \ldots on input line 472.
LaTeX Info: Redefining \dots on input line 475.
LaTeX Info: Redefining \cdots on input line 596.
\Mathstrutbox@=\box26
\strutbox@=\box27
\big@size=\dimen105
LaTeX Font Info:    Redeclaring font encoding OML on input line 712.
LaTeX Font Info:    Redeclaring font encoding OMS on input line 713.
\macc@depth=\count92
\c@MaxMatrixCols=\count93
\dotsspace@=\muskip10
\c@parentequation=\count94
\dspbrk@lvl=\count95
\tag@help=\toks15
\row@=\count96
\column@=\count97
\maxfields@=\count98
\andhelp@=\toks16
\eqnshift@=\dimen106
\alignsep@=\dimen107
\tagshift@=\dimen108
\tagwidth@=\dimen109
\totwidth@=\dimen110
\lineht@=\dimen111
\@envbody=\toks17
\multlinegap=\skip44
\multlinetaggap=\skip45
\mathdisplay@stack=\toks18
LaTeX Info: Redefining \[ on input line 2817.
LaTeX Info: Redefining \] on input line 2818.
)
("C:\Program Files\MiKTeX 2.9\tex\latex\amsfonts\amssymb.sty"
Package: amssymb 2013/01/14 v3.01 AMS font symbols

("C:\Program Files\MiKTeX 2.9\tex\latex\amsfonts\amsfonts.sty"
Package: amsfonts 2013/01/14 v3.01 Basic AMSFonts support
\symAMSa=\mathgroup4
\symAMSb=\mathgroup5
LaTeX Font Info:    Overwriting math alphabet `\mathfrak' in version `bold'
(Font)                  U/euf/m/n --> U/euf/b/n on input line 106.
))
("C:\Program Files\MiKTeX 2.9\tex\latex\amscls\amsthm.sty"
Package: amsthm 2015/03/04 v2.20.2
\thm@style=\toks19
\thm@bodyfont=\toks20
\thm@headfont=\toks21
\thm@notefont=\toks22
\thm@headpunct=\toks23
\thm@preskip=\skip46
\thm@postskip=\skip47
\thm@headsep=\skip48
\dth@everypar=\toks24
)
("C:\Program Files\MiKTeX 2.9\tex\latex\graphics\graphicx.sty"
Package: graphicx 2014/10/28 v1.0g Enhanced LaTeX Graphics (DPC,SPQR)

("C:\Program Files\MiKTeX 2.9\tex\latex\graphics\keyval.sty"
Package: keyval 2014/10/28 v1.15 key=value parser (DPC)
\KV@toks@=\toks25
)
("C:\Program Files\MiKTeX 2.9\tex\latex\graphics\graphics.sty"
Package: graphics 2017/04/14 v1.1b Standard LaTeX Graphics (DPC,SPQR)

("C:\Program Files\MiKTeX 2.9\tex\latex\graphics\trig.sty"
Package: trig 2016/01/03 v1.10 sin cos tan (DPC)
)
("C:\Program Files\MiKTeX 2.9\tex\latex\graphics-cfg\graphics.cfg"
File: graphics.cfg 2016/06/04 v1.11 sample graphics configuration
)
Package graphics Info: Driver file: pdftex.def on input line 99.

("C:\Program Files\MiKTeX 2.9\tex\latex\graphics-def\pdftex.def"
File: pdftex.def 2017/01/12 v0.06k Graphics/color for pdfTeX

("C:\Program Files\MiKTeX 2.9\tex\generic\oberdiek\infwarerr.sty"
Package: infwarerr 2016/05/16 v1.4 Providing info/warning/error messages (HO)
)
("C:\Program Files\MiKTeX 2.9\tex\generic\oberdiek\ltxcmds.sty"
Package: ltxcmds 2016/05/16 v1.23 LaTeX kernel commands for general use (HO)
)
\Gread@gobject=\count99
))
\Gin@req@height=\dimen112
\Gin@req@width=\dimen113
)
("C:\Program Files\MiKTeX 2.9\tex\latex\geometry\geometry.sty"
Package: geometry 2010/09/12 v5.6 Page Geometry

("C:\Program Files\MiKTeX 2.9\tex\generic\oberdiek\ifpdf.sty"
Package: ifpdf 2017/03/15 v3.2 Provides the ifpdf switch
)
("C:\Program Files\MiKTeX 2.9\tex\generic\oberdiek\ifvtex.sty"
Package: ifvtex 2016/05/16 v1.6 Detect VTeX and its facilities (HO)
Package ifvtex Info: VTeX not detected.
)
("C:\Program Files\MiKTeX 2.9\tex\generic\ifxetex\ifxetex.sty"
Package: ifxetex 2010/09/12 v0.6 Provides ifxetex conditional
)
\Gm@cnth=\count100
\Gm@cntv=\count101
\c@Gm@tempcnt=\count102
\Gm@bindingoffset=\dimen114
\Gm@wd@mp=\dimen115
\Gm@odd@mp=\dimen116
\Gm@even@mp=\dimen117
\Gm@layoutwidth=\dimen118
\Gm@layoutheight=\dimen119
\Gm@layouthoffset=\dimen120
\Gm@layoutvoffset=\dimen121
\Gm@dimlist=\toks26

("C:\Program Files\MiKTeX 2.9\tex\latex\geometry\geometry.cfg"))
("C:\Program Files\MiKTeX 2.9\tex\latex\fancyhdr\fancyhdr.sty"
Package: fancyhdr 2017/06/30 v3.9a Extensive control of page headers and footer
s
\f@nch@headwidth=\skip49
\f@nch@O@elh=\skip50
\f@nch@O@erh=\skip51
\f@nch@O@olh=\skip52
\f@nch@O@orh=\skip53
\f@nch@O@elf=\skip54
\f@nch@O@erf=\skip55
\f@nch@O@olf=\skip56
\f@nch@O@orf=\skip57
)
("C:\Program Files\MiKTeX 2.9\tex\latex\algorithms\algorithm.sty"
Package: algorithm 2009/08/24 v0.1 Document Style `algorithm' - floating enviro
nment

("C:\Program Files\MiKTeX 2.9\tex\latex\float\float.sty"
Package: float 2001/11/08 v1.3d Float enhancements (AL)
\c@float@type=\count103
\float@exts=\toks27
\float@box=\box28
\@float@everytoks=\toks28
\@floatcapt=\box29
)
("C:\Program Files\MiKTeX 2.9\tex\latex\base\ifthen.sty"
Package: ifthen 2014/09/29 v1.1c Standard LaTeX ifthen package (DPC)
)
\@float@every@algorithm=\toks29
\c@algorithm=\count104
)
("C:\Program Files\MiKTeX 2.9\tex\latex\algorithmicx\algpseudocode.sty"
Package: algpseudocode 

("C:\Program Files\MiKTeX 2.9\tex\latex\algorithmicx\algorithmicx.sty"
Package: algorithmicx 2005/04/27 v1.2 Algorithmicx

Document Style algorithmicx 1.2 - a greatly improved `algorithmic' style
\c@ALG@line=\count105
\c@ALG@rem=\count106
\c@ALG@nested=\count107
\ALG@tlm=\skip58
\ALG@thistlm=\skip59
\c@ALG@Lnr=\count108
\c@ALG@blocknr=\count109
\c@ALG@storecount=\count110
\c@ALG@tmpcounter=\count111
\ALG@tmplength=\skip60
)
Document Style - pseudocode environments for use with the `algorithmicx' style
) (hw4.aux

LaTeX Warning: Label `fig1' multiply defined.


LaTeX Warning: Label `fig1' multiply defined.


LaTeX Warning: Label `fig1' multiply defined.


LaTeX Warning: Label `fig1' multiply defined.


LaTeX Warning: Label `fig1' multiply defined.


LaTeX Warning: Label `fig1' multiply defined.


LaTeX Warning: Label `fig1' multiply defined.


LaTeX Warning: Label `fig1' multiply defined.


LaTeX Warning: Label `fig1' multiply defined.


LaTeX Warning: Label `fig1' multiply defined.


LaTeX Warning: Label `fig1' multiply defined.


LaTeX Warning: Label `fig1' multiply defined.


LaTeX Warning: Label `fig1' multiply defined.

)
\openout1 = `hw4.aux'.

LaTeX Font Info:    Checking defaults for OML/cmm/m/it on input line 45.
LaTeX Font Info:    ... okay on input line 45.
LaTeX Font Info:    Checking defaults for T1/cmr/m/n on input line 45.
LaTeX Font Info:    ... okay on input line 45.
LaTeX Font Info:    Checking defaults for OT1/cmr/m/n on input line 45.
LaTeX Font Info:    ... okay on input line 45.
LaTeX Font Info:    Checking defaults for OMS/cmsy/m/n on input line 45.
LaTeX Font Info:    ... okay on input line 45.
LaTeX Font Info:    Checking defaults for OMX/cmex/m/n on input line 45.
LaTeX Font Info:    ... okay on input line 45.
LaTeX Font Info:    Checking defaults for U/cmr/m/n on input line 45.
LaTeX Font Info:    ... okay on input line 45.
 ("C:\Program Files\MiKTeX 2.9\tex\context\base\supp-pdf.mkii"
[Loading MPS to PDF converter (version 2006.09.02).]
\scratchcounter=\count112
\scratchdimen=\dimen122
\scratchbox=\box30
\nofMPsegments=\count113
\nofMParguments=\count114
\everyMPshowfont=\toks30
\MPscratchCnt=\count115
\MPscratchDim=\dimen123
\MPnumerator=\count116
\makeMPintoPDFobject=\count117
\everyMPtoPDFconversion=\toks31
) ("C:\Program Files\MiKTeX 2.9\tex\generic\oberdiek\pdftexcmds.sty"
Package: pdftexcmds 2017/03/19 v0.25 Utility functions of pdfTeX for LuaTeX (HO
)

("C:\Program Files\MiKTeX 2.9\tex\generic\oberdiek\ifluatex.sty"
Package: ifluatex 2016/05/16 v1.4 Provides the ifluatex switch (HO)
Package ifluatex Info: LuaTeX not detected.
)
Package pdftexcmds Info: LuaTeX not detected.
Package pdftexcmds Info: \pdf@primitive is available.
Package pdftexcmds Info: \pdf@ifprimitive is available.
Package pdftexcmds Info: \pdfdraftmode found.
)
("C:\Program Files\MiKTeX 2.9\tex\latex\oberdiek\epstopdf-base.sty"
Package: epstopdf-base 2016/05/15 v2.6 Base part for package epstopdf

("C:\Program Files\MiKTeX 2.9\tex\latex\oberdiek\grfext.sty"
Package: grfext 2016/05/16 v1.2 Manage graphics extensions (HO)

("C:\Program Files\MiKTeX 2.9\tex\generic\oberdiek\kvdefinekeys.sty"
Package: kvdefinekeys 2016/05/16 v1.4 Define keys (HO)
))
("C:\Program Files\MiKTeX 2.9\tex\latex\oberdiek\kvoptions.sty"
Package: kvoptions 2016/05/16 v3.12 Key value format for package options (HO)

("C:\Program Files\MiKTeX 2.9\tex\generic\oberdiek\kvsetkeys.sty"
Package: kvsetkeys 2016/05/16 v1.17 Key value parser (HO)

("C:\Program Files\MiKTeX 2.9\tex\generic\oberdiek\etexcmds.sty"
Package: etexcmds 2016/05/16 v1.6 Avoid name clashes with e-TeX commands (HO)
Package etexcmds Info: Could not find \expanded.
(etexcmds)             That can mean that you are not using pdfTeX 1.50 or
(etexcmds)             that some package has redefined \expanded.
(etexcmds)             In the latter case, load this package earlier.
)))
Package epstopdf-base Info: Redefining graphics rule for `.eps' on input line 4
38.
Package grfext Info: Graphics extension search list:
(grfext)             [.png,.pdf,.jpg,.mps,.jpeg,.jbig2,.jb2,.PNG,.PDF,.JPG,.JPE
G,.JBIG2,.JB2,.eps]
(grfext)             \AppendGraphicsExtensions on input line 456.
)
*geometry* driver: auto-detecting
*geometry* detected driver: pdftex
*geometry* verbose mode - [ preamble ] result:
* driver: pdftex
* paper: <default>
* layout: <same size as paper>
* layoutoffset:(h,v)=(0.0pt,0.0pt)
* modes: 
* h-part:(L,W,R)=(72.26999pt, 469.75502pt, 72.26999pt)
* v-part:(T,H,B)=(72.26999pt, 650.43001pt, 72.26999pt)
* \paperwidth=614.295pt
* \paperheight=794.96999pt
* \textwidth=469.75502pt
* \textheight=650.43001pt
* \oddsidemargin=0.0pt
* \evensidemargin=0.0pt
* \topmargin=-37.0pt
* \headheight=13.6pt
* \headsep=25.0pt
* \topskip=11.0pt
* \footskip=30.0pt
* \marginparwidth=59.0pt
* \marginparsep=10.0pt
* \columnsep=10.0pt
* \skip\footins=10.0pt plus 4.0pt minus 2.0pt
* \hoffset=0.0pt
* \voffset=0.0pt
* \mag=1000
* \@twocolumnfalse
* \@twosidefalse
* \@mparswitchfalse
* \@reversemarginfalse
* (1in=72.27pt=25.4mm, 1cm=28.453pt)

LaTeX Font Info:    Try loading font information for U+msa on input line 59.
("C:\Program Files\MiKTeX 2.9\tex\latex\amsfonts\umsa.fd"
File: umsa.fd 2013/01/14 v3.01 AMS symbols A
)
LaTeX Font Info:    Try loading font information for U+msb on input line 59.

("C:\Program Files\MiKTeX 2.9\tex\latex\amsfonts\umsb.fd"
File: umsb.fd 2013/01/14 v3.01 AMS symbols B
) [1{C:/ProgramData/MiKTeX/2.9/pdftex/config/pdftex.map}

]
<Ecoli_30x_overlap_5000_1000_cutoff_identity_k_10_perm_128.png, id=10, 462.528p
t x 346.896pt>
File: Ecoli_30x_overlap_5000_1000_cutoff_identity_k_10_perm_128.png Graphic fil
e (type png)

<use Ecoli_30x_overlap_5000_1000_cutoff_identity_k_10_perm_128.png>
Package pdftex.def Info: Ecoli_30x_overlap_5000_1000_cutoff_identity_k_10_perm_
128.png used on input line 132.
(pdftex.def)             Requested size: 375.80544pt x 281.86818pt.
 [2]
<Ecoli_30x_overlap_5000_1000_cutoff_identity_k_10_perm_256.png, id=16, 462.528p
t x 346.896pt>
File: Ecoli_30x_overlap_5000_1000_cutoff_identity_k_10_perm_256.png Graphic fil
e (type png)

<use Ecoli_30x_overlap_5000_1000_cutoff_identity_k_10_perm_256.png>
Package pdftex.def Info: Ecoli_30x_overlap_5000_1000_cutoff_identity_k_10_perm_
256.png used on input line 139.
(pdftex.def)             Requested size: 375.80544pt x 281.86818pt.

<Ecoli_30x_overlap_5000_1000_cutoff_identity_k_10_perm_512.png, id=17, 462.528p
t x 346.896pt>
File: Ecoli_30x_overlap_5000_1000_cutoff_identity_k_10_perm_512.png Graphic fil
e (type png)

<use Ecoli_30x_overlap_5000_1000_cutoff_identity_k_10_perm_512.png>
Package pdftex.def Info: Ecoli_30x_overlap_5000_1000_cutoff_identity_k_10_perm_
512.png used on input line 146.
(pdftex.def)             Requested size: 375.80544pt x 281.86818pt.
 [3 <./Ecoli_30x_overlap_5000_1000_cutoff_identity_k_10_perm_128.png> <./Ecoli_
30x_overlap_5000_1000_cutoff_identity_k_10_perm_256.png>]
<Ecoli_30x_overlap_5000_1000_cutoff_jaccard_k_10_perm_128.png, id=23, 462.528pt
 x 346.896pt>
File: Ecoli_30x_overlap_5000_1000_cutoff_jaccard_k_10_perm_128.png Graphic file
 (type png)

<use Ecoli_30x_overlap_5000_1000_cutoff_jaccard_k_10_perm_128.png>
Package pdftex.def Info: Ecoli_30x_overlap_5000_1000_cutoff_jaccard_k_10_perm_1
28.png used on input line 156.
(pdftex.def)             Requested size: 375.80544pt x 281.86818pt.
 [4 <./Ecoli_30x_overlap_5000_1000_cutoff_identity_k_10_perm_512.png>]
<Ecoli_30x_overlap_5000_1000_cutoff_jaccard_k_10_perm_256.png, id=28, 462.528pt
 x 346.896pt>
File: Ecoli_30x_overlap_5000_1000_cutoff_jaccard_k_10_perm_256.png Graphic file
 (type png)

<use Ecoli_30x_overlap_5000_1000_cutoff_jaccard_k_10_perm_256.png>
Package pdftex.def Info: Ecoli_30x_overlap_5000_1000_cutoff_jaccard_k_10_perm_2
56.png used on input line 163.
(pdftex.def)             Requested size: 375.80544pt x 281.86818pt.

<Ecoli_30x_overlap_5000_1000_cutoff_jaccard_k_10_perm_512.png, id=29, 462.528pt
 x 346.896pt>
File: Ecoli_30x_overlap_5000_1000_cutoff_jaccard_k_10_perm_512.png Graphic file
 (type png)

<use Ecoli_30x_overlap_5000_1000_cutoff_jaccard_k_10_perm_512.png>
Package pdftex.def Info: Ecoli_30x_overlap_5000_1000_cutoff_jaccard_k_10_perm_5
12.png used on input line 170.
(pdftex.def)             Requested size: 375.80544pt x 281.86818pt.
 [5 <./Ecoli_30x_overlap_5000_1000_cutoff_jaccard_k_10_perm_128.png> <./Ecoli_3
0x_overlap_5000_1000_cutoff_jaccard_k_10_perm_256.png>]
<Ecoli_30x_overlap_5000_1000_cutoff_jaccard_k_11_perm_512.png, id=35, 462.528pt
 x 346.896pt>
File: Ecoli_30x_overlap_5000_1000_cutoff_jaccard_k_11_perm_512.png Graphic file
 (type png)

<use Ecoli_30x_overlap_5000_1000_cutoff_jaccard_k_11_perm_512.png>
Package pdftex.def Info: Ecoli_30x_overlap_5000_1000_cutoff_jaccard_k_11_perm_5
12.png used on input line 179.
(pdftex.def)             Requested size: 375.80544pt x 281.86818pt.
 [6 <./Ecoli_30x_overlap_5000_1000_cutoff_jaccard_k_10_perm_512.png>]
<Ecoli_30x_overlap_5000_1000_cutoff_identity_k_12_perm_512.png, id=40, 462.528p
t x 346.896pt>
File: Ecoli_30x_overlap_5000_1000_cutoff_identity_k_12_perm_512.png Graphic fil
e (type png)

<use Ecoli_30x_overlap_5000_1000_cutoff_identity_k_12_perm_512.png>
Package pdftex.def Info: Ecoli_30x_overlap_5000_1000_cutoff_identity_k_12_perm_
512.png used on input line 186.
(pdftex.def)             Requested size: 375.80544pt x 281.86818pt.
 [7 <./Ecoli_30x_overlap_5000_1000_cutoff_jaccard_k_11_perm_512.png> <./Ecoli_3
0x_overlap_5000_1000_cutoff_identity_k_12_perm_512.png>]
<Ecoli_Pacbio_simulate_30X_5000_1000_k12_512_0p01.png, id=47, 462.528pt x 346.8
96pt>
File: Ecoli_Pacbio_simulate_30X_5000_1000_k12_512_0p01.png Graphic file (type p
ng)
 <use Ecoli_Pacbio_simulate_30X_5000_1000_k12_512_0p01.png>
Package pdftex.def Info: Ecoli_Pacbio_simulate_30X_5000_1000_k12_512_0p01.png u
sed on input line 237.
(pdftex.def)             Requested size: 375.80544pt x 281.86818pt.
 [8]
<virus_reads_k6_32_cluster.png, id=53, 462.528pt x 346.896pt>
File: virus_reads_k6_32_cluster.png Graphic file (type png)

<use virus_reads_k6_32_cluster.png>
Package pdftex.def Info: virus_reads_k6_32_cluster.png used on input line 268.
(pdftex.def)             Requested size: 375.80544pt x 281.86818pt.
 [9 <./Ecoli_Pacbio_simulate_30X_5000_1000_k12_512_0p01.png>]
<virus_reads_k8_32_cluster.png, id=58, 462.528pt x 346.896pt>
File: virus_reads_k8_32_cluster.png Graphic file (type png)

<use virus_reads_k8_32_cluster.png>
Package pdftex.def Info: virus_reads_k8_32_cluster.png used on input line 275.
(pdftex.def)             Requested size: 375.80544pt x 281.86818pt.

<virus_reads_k10_32_cluster.png, id=59, 462.528pt x 346.896pt>
File: virus_reads_k10_32_cluster.png Graphic file (type png)

<use virus_reads_k10_32_cluster.png>
Package pdftex.def Info: virus_reads_k10_32_cluster.png used on input line 282.

(pdftex.def)             Requested size: 375.80544pt x 281.86818pt.
 [10 <./virus_reads_k6_32_cluster.png> <./virus_reads_k8_32_cluster.png>]
<virus_reads_k12_32_cluster.png, id=65, 462.528pt x 346.896pt>
File: virus_reads_k12_32_cluster.png Graphic file (type png)

<use virus_reads_k12_32_cluster.png>
Package pdftex.def Info: virus_reads_k12_32_cluster.png used on input line 289.

(pdftex.def)             Requested size: 375.80544pt x 281.86818pt.

<virus_reads_k16_32_cluster.png, id=66, 462.528pt x 346.896pt>
File: virus_reads_k16_32_cluster.png Graphic file (type png)

<use virus_reads_k16_32_cluster.png>
Package pdftex.def Info: virus_reads_k16_32_cluster.png used on input line 296.

(pdftex.def)             Requested size: 375.80544pt x 281.86818pt.
 [11 <./virus_reads_k10_32_cluster.png> <./virus_reads_k12_32_cluster.png>] [12
 <./virus_reads_k16_32_cluster.png>]
(hw4.aux)

LaTeX Warning: There were multiply-defined labels.

 ) 
Here is how much of TeX's memory you used:
 3736 strings out of 493323
 52663 string characters out of 3139066
 123540 words of memory out of 3000000
 7202 multiletter control sequences out of 15000+200000
 8596 words of font info for 33 fonts, out of 3000000 for 9000
 1141 hyphenation exceptions out of 8191
 39i,11n,43p,686b,221s stack positions out of 5000i,500n,10000p,200000b,50000s
<C:/Program Files/MiKTeX 2.9/fonts/type1/public/amsfonts/cm/cmbx10.pfb><C:/Pr
ogram Files/MiKTeX 2.9/fonts/type1/public/amsfonts/cm/cmex10.pfb><C:/Program Fi
les/MiKTeX 2.9/fonts/type1/public/amsfonts/cm/cmmi10.pfb><C:/Program Files/MiKT
eX 2.9/fonts/type1/public/amsfonts/cm/cmmi8.pfb><C:/Program Files/MiKTeX 2.9/fo
nts/type1/public/amsfonts/cm/cmr10.pfb><C:/Program Files/MiKTeX 2.9/fonts/type1
/public/amsfonts/cm/cmr8.pfb><C:/Program Files/MiKTeX 2.9/fonts/type1/public/am
sfonts/cm/cmsy10.pfb><C:/Program Files/MiKTeX 2.9/fonts/type1/public/amsfonts/c
m/cmsy8.pfb>
Output written on hw4.pdf (12 pages, 225970 bytes).
PDF statistics:
 102 PDF objects out of 1000 (max. 8388607)
 0 named destinations out of 1000 (max. 500000)
 71 words of extra memory for PDF output out of 10000 (max. 10000000)

